[2018-11-23T01:25:18,453][INFO ][o.e.x.m.j.p.NativeController] [zzQkxWB] Native controller process has stopped - no new native processes can be started
[2018-11-23T01:25:18,462][INFO ][o.e.n.Node               ] [zzQkxWB] stopping ...
[2018-11-23T01:25:18,573][INFO ][o.e.x.w.WatcherService   ] [zzQkxWB] stopping watch service, reason [shutdown initiated]
[2018-11-23T01:25:19,136][INFO ][o.e.n.Node               ] [zzQkxWB] stopped
[2018-11-23T01:25:19,137][INFO ][o.e.n.Node               ] [zzQkxWB] closing ...
[2018-11-23T01:25:19,191][INFO ][o.e.n.Node               ] [zzQkxWB] closed
[2018-11-23T01:34:43,761][INFO ][o.e.e.NodeEnvironment    ] [zzQkxWB] using [1] data paths, mounts [[/ (/dev/disk1s1)]], net usable_space [55.5gb], net total_space [112.7gb], types [apfs]
[2018-11-23T01:34:43,766][INFO ][o.e.e.NodeEnvironment    ] [zzQkxWB] heap size [990.7mb], compressed ordinary object pointers [true]
[2018-11-23T01:34:43,796][INFO ][o.e.n.Node               ] [zzQkxWB] node name derived from node ID [zzQkxWBhSAu76tV6IxaLvA]; set [node.name] to override
[2018-11-23T01:34:43,796][INFO ][o.e.n.Node               ] [zzQkxWB] version[6.5.0], pid[6108], build[default/tar/816e6f6/2018-11-09T18:58:36.352602Z], OS[Mac OS X/10.14.1/x86_64], JVM["Oracle Corporation"/Java HotSpot(TM) 64-Bit Server VM/10.0.2/10.0.2+13]
[2018-11-23T01:34:43,796][INFO ][o.e.n.Node               ] [zzQkxWB] JVM arguments [-Xms1g, -Xmx1g, -XX:+UseConcMarkSweepGC, -XX:CMSInitiatingOccupancyFraction=75, -XX:+UseCMSInitiatingOccupancyOnly, -XX:+AlwaysPreTouch, -Xss1m, -Djava.awt.headless=true, -Dfile.encoding=UTF-8, -Djna.nosys=true, -XX:-OmitStackTraceInFastThrow, -Dio.netty.noUnsafe=true, -Dio.netty.noKeySetOptimization=true, -Dio.netty.recycler.maxCapacityPerThread=0, -Dlog4j.shutdownHookEnabled=false, -Dlog4j2.disable.jmx=true, -Djava.io.tmpdir=/var/folders/cw/z5mq6b3d5gxg328jfr8gskwr0000gn/T/elasticsearch.YEJvEr1J, -XX:+HeapDumpOnOutOfMemoryError, -XX:HeapDumpPath=data, -XX:ErrorFile=logs/hs_err_pid%p.log, -Xlog:gc*,gc+age=trace,safepoint:file=logs/gc.log:utctime,pid,tags:filecount=32,filesize=64m, -Djava.locale.providers=COMPAT, -XX:UseAVX=2, -Des.path.home=/Users/hirt/Desktop/INSA/2018,2019/Projet WS/Rendu/Database/elasticsearch-6.5.0, -Des.path.conf=/Users/hirt/Desktop/INSA/2018,2019/Projet WS/Rendu/Database/elasticsearch-6.5.0/config, -Des.distribution.flavor=default, -Des.distribution.type=tar]
[2018-11-23T01:34:45,786][INFO ][o.e.p.PluginsService     ] [zzQkxWB] loaded module [aggs-matrix-stats]
[2018-11-23T01:34:45,786][INFO ][o.e.p.PluginsService     ] [zzQkxWB] loaded module [analysis-common]
[2018-11-23T01:34:45,786][INFO ][o.e.p.PluginsService     ] [zzQkxWB] loaded module [ingest-common]
[2018-11-23T01:34:45,786][INFO ][o.e.p.PluginsService     ] [zzQkxWB] loaded module [lang-expression]
[2018-11-23T01:34:45,786][INFO ][o.e.p.PluginsService     ] [zzQkxWB] loaded module [lang-mustache]
[2018-11-23T01:34:45,787][INFO ][o.e.p.PluginsService     ] [zzQkxWB] loaded module [lang-painless]
[2018-11-23T01:34:45,787][INFO ][o.e.p.PluginsService     ] [zzQkxWB] loaded module [mapper-extras]
[2018-11-23T01:34:45,787][INFO ][o.e.p.PluginsService     ] [zzQkxWB] loaded module [parent-join]
[2018-11-23T01:34:45,787][INFO ][o.e.p.PluginsService     ] [zzQkxWB] loaded module [percolator]
[2018-11-23T01:34:45,787][INFO ][o.e.p.PluginsService     ] [zzQkxWB] loaded module [rank-eval]
[2018-11-23T01:34:45,787][INFO ][o.e.p.PluginsService     ] [zzQkxWB] loaded module [reindex]
[2018-11-23T01:34:45,788][INFO ][o.e.p.PluginsService     ] [zzQkxWB] loaded module [repository-url]
[2018-11-23T01:34:45,788][INFO ][o.e.p.PluginsService     ] [zzQkxWB] loaded module [transport-netty4]
[2018-11-23T01:34:45,788][INFO ][o.e.p.PluginsService     ] [zzQkxWB] loaded module [tribe]
[2018-11-23T01:34:45,788][INFO ][o.e.p.PluginsService     ] [zzQkxWB] loaded module [x-pack-ccr]
[2018-11-23T01:34:45,788][INFO ][o.e.p.PluginsService     ] [zzQkxWB] loaded module [x-pack-core]
[2018-11-23T01:34:45,788][INFO ][o.e.p.PluginsService     ] [zzQkxWB] loaded module [x-pack-deprecation]
[2018-11-23T01:34:45,789][INFO ][o.e.p.PluginsService     ] [zzQkxWB] loaded module [x-pack-graph]
[2018-11-23T01:34:45,789][INFO ][o.e.p.PluginsService     ] [zzQkxWB] loaded module [x-pack-logstash]
[2018-11-23T01:34:45,789][INFO ][o.e.p.PluginsService     ] [zzQkxWB] loaded module [x-pack-ml]
[2018-11-23T01:34:45,789][INFO ][o.e.p.PluginsService     ] [zzQkxWB] loaded module [x-pack-monitoring]
[2018-11-23T01:34:45,789][INFO ][o.e.p.PluginsService     ] [zzQkxWB] loaded module [x-pack-rollup]
[2018-11-23T01:34:45,789][INFO ][o.e.p.PluginsService     ] [zzQkxWB] loaded module [x-pack-security]
[2018-11-23T01:34:45,789][INFO ][o.e.p.PluginsService     ] [zzQkxWB] loaded module [x-pack-sql]
[2018-11-23T01:34:45,789][INFO ][o.e.p.PluginsService     ] [zzQkxWB] loaded module [x-pack-upgrade]
[2018-11-23T01:34:45,790][INFO ][o.e.p.PluginsService     ] [zzQkxWB] loaded module [x-pack-watcher]
[2018-11-23T01:34:45,790][INFO ][o.e.p.PluginsService     ] [zzQkxWB] no plugins loaded
[2018-11-23T01:34:49,465][INFO ][o.e.x.s.a.s.FileRolesStore] [zzQkxWB] parsed [0] roles from file [/Users/hirt/Desktop/INSA/2018,2019/Projet WS/Rendu/Database/elasticsearch-6.5.0/config/roles.yml]
[2018-11-23T01:34:50,160][INFO ][o.e.x.m.j.p.l.CppLogMessageHandler] [zzQkxWB] [controller/6128] [Main.cc@109] controller (64 bit): Version 6.5.0 (Build 71882a589e5556) Copyright (c) 2018 Elasticsearch BV
[2018-11-23T01:34:50,617][DEBUG][o.e.a.ActionModule       ] [zzQkxWB] Using REST wrapper from plugin org.elasticsearch.xpack.security.Security
[2018-11-23T01:34:50,874][INFO ][o.e.d.DiscoveryModule    ] [zzQkxWB] using discovery type [zen] and host providers [settings]
[2018-11-23T01:34:51,698][INFO ][o.e.n.Node               ] [zzQkxWB] initialized
[2018-11-23T01:34:51,698][INFO ][o.e.n.Node               ] [zzQkxWB] starting ...
[2018-11-23T01:34:56,911][INFO ][o.e.t.TransportService   ] [zzQkxWB] publish_address {127.0.0.1:9300}, bound_addresses {[::1]:9300}, {127.0.0.1:9300}
[2018-11-23T01:35:00,002][INFO ][o.e.c.s.MasterService    ] [zzQkxWB] zen-disco-elected-as-master ([0] nodes joined), reason: new_master {zzQkxWB}{zzQkxWBhSAu76tV6IxaLvA}{jWU5M4-RRr6IMIUMqKZDFg}{127.0.0.1}{127.0.0.1:9300}{ml.machine_memory=8589934592, xpack.installed=true, ml.max_open_jobs=20, ml.enabled=true}
[2018-11-23T01:35:00,006][INFO ][o.e.c.s.ClusterApplierService] [zzQkxWB] new_master {zzQkxWB}{zzQkxWBhSAu76tV6IxaLvA}{jWU5M4-RRr6IMIUMqKZDFg}{127.0.0.1}{127.0.0.1:9300}{ml.machine_memory=8589934592, xpack.installed=true, ml.max_open_jobs=20, ml.enabled=true}, reason: apply cluster state (from master [master {zzQkxWB}{zzQkxWBhSAu76tV6IxaLvA}{jWU5M4-RRr6IMIUMqKZDFg}{127.0.0.1}{127.0.0.1:9300}{ml.machine_memory=8589934592, xpack.installed=true, ml.max_open_jobs=20, ml.enabled=true} committed version [1] source [zen-disco-elected-as-master ([0] nodes joined)]])
[2018-11-23T01:35:00,036][INFO ][o.e.x.s.t.n.SecurityNetty4HttpServerTransport] [zzQkxWB] publish_address {127.0.0.1:9200}, bound_addresses {[::1]:9200}, {127.0.0.1:9200}
[2018-11-23T01:35:00,037][INFO ][o.e.n.Node               ] [zzQkxWB] started
[2018-11-23T01:35:00,592][WARN ][o.e.x.s.a.s.m.NativeRoleMappingStore] [zzQkxWB] Failed to clear cache for realms [[]]
[2018-11-23T01:35:00,624][INFO ][o.e.l.LicenseService     ] [zzQkxWB] license [8162a05f-d2e3-4c90-98bf-513cb0765d20] mode [basic] - valid
[2018-11-23T01:35:00,636][INFO ][o.e.g.GatewayService     ] [zzQkxWB] recovered [1] indices into cluster_state
[2018-11-23T01:35:01,034][INFO ][o.e.c.r.a.AllocationService] [zzQkxWB] Cluster health status changed from [RED] to [YELLOW] (reason: [shards started [[ws][1]] ...]).
[2018-11-23T10:28:06,695][INFO ][o.e.m.j.JvmGcMonitorService] [zzQkxWB] [gc][8439] overhead, spent [336ms] collecting in the last [1.1s]
